Using pre-set license
Built from '2020.3/staging' branch; Version is '2020.3.14f1 (d0d1bb862f9d) revision 13685179'; Using compiler version '192528614'; Build Type 'Release'
OS: 'Windows 10 Pro; OS build 19044.1645; Version 2009; 64bit' Language: 'pt' Physical Memory: 16309 MB
BatchMode: 1, IsHumanControllingUs: 0, StartBugReporterOnCrash: 0, Is64bit: 1, IsPro: 0

 COMMAND LINE ARGUMENTS:
E:\Drive Gamedev\Unity Versions\2020.3.14f1\Editor\Unity.exe
-adb2
-batchMode
-noUpm
-name
AssetImportWorker1
-projectPath
E:/Drive Gamedev/reporter-game
-logFile
Logs/AssetImportWorker1.log
-srvPort
62733
Successfully changed project path to: E:/Drive Gamedev/reporter-game
E:/Drive Gamedev/reporter-game
Using Asset Import Pipeline V2.
Refreshing native plugins compatible for Editor in 152.87 ms, found 2 plugins.
Preloading 0 native plugins for Editor in 0.00 ms.
Initialize engine version: 2020.3.14f1 (d0d1bb862f9d)
[Subsystems] Discovering subsystems at path E:/Drive Gamedev/Unity Versions/2020.3.14f1/Editor/Data/Resources/UnitySubsystems
[Subsystems] Discovering subsystems at path E:/Drive Gamedev/reporter-game/Assets
GfxDevice: creating device client; threaded=0
Direct3D:
    Version:  Direct3D 11.0 [level 11.1]
    Renderer: NVIDIA GeForce RTX 2060 (ID=0x1f08)
    Vendor:   
    VRAM:     5980 MB
    Driver:   30.0.15.1179
Shader 'MoreMountains/MMRipple': fallback shader 'Particle/AlphaBlended' not found
Shader 'Universal Render Pipeline/Particles/Lit': fallback shader 'Universal Render Pipeline/Particles/SimpleLit' not found
Initialize mono
Mono path[0] = 'E:/Drive Gamedev/Unity Versions/2020.3.14f1/Editor/Data/Managed'
Mono path[1] = 'E:/Drive Gamedev/Unity Versions/2020.3.14f1/Editor/Data/MonoBleedingEdge/lib/mono/unityjit'
Mono config path = 'E:/Drive Gamedev/Unity Versions/2020.3.14f1/Editor/Data/MonoBleedingEdge/etc'
Using monoOptions --debugger-agent=transport=dt_socket,embedding=1,server=y,suspend=n,address=127.0.0.1:56604
Begin MonoManager ReloadAssembly
Registering precompiled unity dll's ...
Register platform support module: E:/Drive Gamedev/Unity Versions/2020.3.14f1/Editor/Data/PlaybackEngines/WindowsStandaloneSupport/UnityEditor.WindowsStandalone.Extensions.dll
Registered in 0.001475 seconds.
Native extension for WindowsStandalone target not found
Refreshing native plugins compatible for Editor in 156.63 ms, found 2 plugins.
Preloading 0 native plugins for Editor in 0.00 ms.
Mono: successfully reloaded assembly
- Completed reload, in  1.211 seconds
Domain Reload Profiling:
	ReloadAssembly (1211ms)
		BeginReloadAssembly (61ms)
			ExecutionOrderSort (0ms)
			DisableScriptedObjects (0ms)
			BackupInstance (0ms)
			ReleaseScriptingObjects (0ms)
			CreateAndSetChildDomain (1ms)
		EndReloadAssembly (612ms)
			LoadAssemblies (60ms)
			RebuildTransferFunctionScriptingTraits (0ms)
			SetupTypeCache (189ms)
			ReleaseScriptCaches (0ms)
			RebuildScriptCaches (37ms)
			SetupLoadedEditorAssemblies (312ms)
				LogAssemblyErrors (0ms)
				InitializePlatformSupportModulesInManaged (4ms)
				SetLoadedEditorAssemblies (0ms)
				RefreshPlugins (157ms)
				BeforeProcessingInitializeOnLoad (12ms)
				ProcessInitializeOnLoadAttributes (103ms)
				ProcessInitializeOnLoadMethodAttributes (36ms)
				AfterProcessingInitializeOnLoad (0ms)
				EditorAssembliesLoaded (0ms)
			ExecutionOrderSort2 (0ms)
			AwakeInstancesAfterBackupRestoration (0ms)
Platform modules already initialized, skipping
Registering precompiled user dll's ...
Registered in 0.006456 seconds.
Begin MonoManager ReloadAssembly
Native extension for WindowsStandalone target not found
Refreshing native plugins compatible for Editor in 259.13 ms, found 2 plugins.
Preloading 0 native plugins for Editor in 0.00 ms.
Loading style catalogs (6)
	StyleSheets/Extensions/base/common.uss
	UIPackageResources/StyleSheets/Default/Variables/Public/common.uss
	StyleSheets/Northstar/common.uss
	StyleSheets/Extensions/fonts/inter.uss
	StyleSheets/Extensions/base/dark.uss
	UIPackageResources/StyleSheets/Default/Northstar/Palette/dark.uss
Mono: successfully reloaded assembly
- Completed reload, in  4.521 seconds
Domain Reload Profiling:
	ReloadAssembly (4522ms)
		BeginReloadAssembly (323ms)
			ExecutionOrderSort (0ms)
			DisableScriptedObjects (4ms)
			BackupInstance (0ms)
			ReleaseScriptingObjects (0ms)
			CreateAndSetChildDomain (21ms)
		EndReloadAssembly (4141ms)
			LoadAssemblies (2363ms)
			RebuildTransferFunctionScriptingTraits (0ms)
			SetupTypeCache (586ms)
			ReleaseScriptCaches (1ms)
			RebuildScriptCaches (68ms)
			SetupLoadedEditorAssemblies (1177ms)
				LogAssemblyErrors (0ms)
				InitializePlatformSupportModulesInManaged (4ms)
				SetLoadedEditorAssemblies (0ms)
				RefreshPlugins (259ms)
				BeforeProcessingInitializeOnLoad (99ms)
				ProcessInitializeOnLoadAttributes (792ms)
				ProcessInitializeOnLoadMethodAttributes (20ms)
				AfterProcessingInitializeOnLoad (3ms)
				EditorAssembliesLoaded (0ms)
			ExecutionOrderSort2 (0ms)
			AwakeInstancesAfterBackupRestoration (7ms)
Platform modules already initialized, skipping
========================================================================
Worker process is ready to serve import requests
Shader 'Universal Render Pipeline/Particles/Lit': fallback shader 'Universal Render Pipeline/Particles/SimpleLit' not found
Shader 'MoreMountains/MMRipple': fallback shader 'Particle/AlphaBlended' not found
Launched and connected shader compiler UnityShaderCompiler.exe after 0.26 seconds
Refreshing native plugins compatible for Editor in 1.01 ms, found 2 plugins.
Preloading 0 native plugins for Editor in 0.00 ms.
Unloading 4505 Unused Serialized files (Serialized files now loaded: 0)
System memory in use before: 280.9 MB.
System memory in use after: 280.6 MB.

Unloading 24 unused Assets to reduce memory usage. Loaded Objects now: 4947.
Total: 4.575600 ms (FindLiveObjects: 0.405000 ms CreateObjectMapping: 0.239900 ms MarkObjects: 3.513700 ms  DeleteObjects: 0.416000 ms)

AssetImportParameters requested are different than current active one (requested -> active):
  custom:framework-win-MediaFoundation: 216162199b28c13a410421893ffa2e32 -> 
  custom:video-decoder-ogg-theora: a1e56fd34408186e4bbccfd4996cb3dc -> 
  custom:container-muxer-webm: aa71ff27fc2769a1b78a27578f13a17b -> 
  custom:container-demuxer-webm: 4f35f7cbe854078d1ac9338744f61a02 -> 
  custom:container-demuxer-ogg: 62fdf1f143b41e24485cea50d1cbac27 -> 
  custom:video-encoder-webm-vp8: eb34c28f22e8b96e1ab97ce403110664 -> 
  custom:video-decoder-webm-vp8: 9c59270c3fd7afecdb556c50c9e8de78 -> 
  custom:audio-decoder-ogg-vorbis: bf7c407c2cedff20999df2af8eb42d56 -> 
  custom:audio-encoder-webm-vorbis: bf7c407c2cedff20999df2af8eb42d56 -> 
========================================================================
Received Import Request.
  path: Assets/2-Scenes/Levels/EP 2 - School/EP2.2_School_PrincipalRoom.unity
  artifactKey: Guid(c213aa405ac689a408b89a391b29fbec) Importer(815301076,1909f56bfc062723c751e8b465ee728b)
Start importing Assets/2-Scenes/Levels/EP 2 - School/EP2.2_School_PrincipalRoom.unity using Guid(c213aa405ac689a408b89a391b29fbec) Importer(815301076,1909f56bfc062723c751e8b465ee728b)  -> (artifact id: '552d7dd53386a950d33bf92e5b23d357') in 0.109979 seconds 
  Import took 0.766438 seconds .

========================================================================
Received Import Request.
  Time since last request: 30.418584 seconds.
  path: Assets/2-Scenes/Levels/EP 2 - School/EP2.3_School_Classroom.unity
  artifactKey: Guid(67bafa9d3c7448943a21b67994d63aa0) Importer(815301076,1909f56bfc062723c751e8b465ee728b)
Start importing Assets/2-Scenes/Levels/EP 2 - School/EP2.3_School_Classroom.unity using Guid(67bafa9d3c7448943a21b67994d63aa0) Importer(815301076,1909f56bfc062723c751e8b465ee728b)  -> (artifact id: 'e24e593620f7e570351f89ed16dbfba6') in 0.009660 seconds 
  Import took 0.243721 seconds .

========================================================================
Received Import Request.
  Time since last request: 28.747287 seconds.
  path: Assets/2-Scenes/Levels/EP 2 - School/EP2.4_School_Library.unity
  artifactKey: Guid(29029dcd4630f3545ad3c34983b3cdeb) Importer(815301076,1909f56bfc062723c751e8b465ee728b)
Start importing Assets/2-Scenes/Levels/EP 2 - School/EP2.4_School_Library.unity using Guid(29029dcd4630f3545ad3c34983b3cdeb) Importer(815301076,1909f56bfc062723c751e8b465ee728b)  -> (artifact id: '7e60c3a45ea9ab706e0aec4280a896c1') in 0.108792 seconds 
  Import took 0.209376 seconds .

========================================================================
Received Import Request.
  Time since last request: 41.670167 seconds.
  path: Assets/2-Scenes/Levels/EP 2 - School/EP2.5_School_LibraryCorridor.unity
  artifactKey: Guid(97f05df128e83c247ae62efada2d22ba) Importer(815301076,1909f56bfc062723c751e8b465ee728b)
Start importing Assets/2-Scenes/Levels/EP 2 - School/EP2.5_School_LibraryCorridor.unity using Guid(97f05df128e83c247ae62efada2d22ba) Importer(815301076,1909f56bfc062723c751e8b465ee728b)  -> (artifact id: '2dce19af1d1edb12ba481492e4beb362') in 0.177638 seconds 
  Import took 0.185183 seconds .

========================================================================
Received Import Request.
  Time since last request: 39.178727 seconds.
  path: Assets/2-Scenes/Levels/EP 2 - School/EP2.6_School_LibraryHangar.unity
  artifactKey: Guid(cc3bd3b85a3736146b0b09e837b840d4) Importer(815301076,1909f56bfc062723c751e8b465ee728b)
Start importing Assets/2-Scenes/Levels/EP 2 - School/EP2.6_School_LibraryHangar.unity using Guid(cc3bd3b85a3736146b0b09e837b840d4) Importer(815301076,1909f56bfc062723c751e8b465ee728b)  -> (artifact id: 'b00ff62843ec3f58acadc47687004a62') in 0.008290 seconds 
  Import took 0.039414 seconds .

========================================================================
Received Import Request.
  Time since last request: 32.652588 seconds.
  path: Assets/2-Scenes/Levels/EP 2 - School/EP2.1_School_Hall.unity
  artifactKey: Guid(688bd6b29615c4c409a242348f4fa9c9) Importer(815301076,1909f56bfc062723c751e8b465ee728b)
Start importing Assets/2-Scenes/Levels/EP 2 - School/EP2.1_School_Hall.unity using Guid(688bd6b29615c4c409a242348f4fa9c9) Importer(815301076,1909f56bfc062723c751e8b465ee728b)  -> (artifact id: '6f373dc43290185b725a729a7b78f235') in 0.007083 seconds 
  Import took 0.033050 seconds .

========================================================================
Received Prepare
Registering precompiled user dll's ...
Registered in 0.004866 seconds.
Begin MonoManager ReloadAssembly
Native extension for WindowsStandalone target not found
Refreshing native plugins compatible for Editor in 1.08 ms, found 2 plugins.
Preloading 0 native plugins for Editor in 0.00 ms.
Loading style catalogs (6)
	StyleSheets/Extensions/base/common.uss
	UIPackageResources/StyleSheets/Default/Variables/Public/common.uss
	StyleSheets/Northstar/common.uss
	StyleSheets/Extensions/fonts/inter.uss
	StyleSheets/Extensions/base/dark.uss
	UIPackageResources/StyleSheets/Default/Northstar/Palette/dark.uss
Mono: successfully reloaded assembly
- Completed reload, in  1.354 seconds
Domain Reload Profiling:
	ReloadAssembly (1354ms)
		BeginReloadAssembly (118ms)
			ExecutionOrderSort (0ms)
			DisableScriptedObjects (4ms)
			BackupInstance (0ms)
			ReleaseScriptingObjects (0ms)
			CreateAndSetChildDomain (37ms)
		EndReloadAssembly (1176ms)
			LoadAssemblies (98ms)
			RebuildTransferFunctionScriptingTraits (0ms)
			SetupTypeCache (346ms)
			ReleaseScriptCaches (1ms)
			RebuildScriptCaches (43ms)
			SetupLoadedEditorAssemblies (550ms)
				LogAssemblyErrors (0ms)
				InitializePlatformSupportModulesInManaged (4ms)
				SetLoadedEditorAssemblies (1ms)
				RefreshPlugins (1ms)
				BeforeProcessingInitializeOnLoad (85ms)
				ProcessInitializeOnLoadAttributes (439ms)
				ProcessInitializeOnLoadMethodAttributes (18ms)
				AfterProcessingInitializeOnLoad (3ms)
				EditorAssembliesLoaded (0ms)
			ExecutionOrderSort2 (0ms)
			AwakeInstancesAfterBackupRestoration (13ms)
Platform modules already initialized, skipping
Shader 'Universal Render Pipeline/Particles/Lit': fallback shader 'Universal Render Pipeline/Particles/SimpleLit' not found
Shader 'MoreMountains/MMRipple': fallback shader 'Particle/AlphaBlended' not found
Refreshing native plugins compatible for Editor in 1.03 ms, found 2 plugins.
Preloading 0 native plugins for Editor in 0.00 ms.
Unloading 4302 Unused Serialized files (Serialized files now loaded: 0)
System memory in use before: 269.5 MB.
System memory in use after: 269.4 MB.

Unloading 17 unused Assets to reduce memory usage. Loaded Objects now: 4950.
Total: 4.038500 ms (FindLiveObjects: 0.382200 ms CreateObjectMapping: 0.180200 ms MarkObjects: 3.091200 ms  DeleteObjects: 0.384000 ms)

AssetImportParameters requested are different than current active one (requested -> active):
  custom:framework-win-MediaFoundation: 216162199b28c13a410421893ffa2e32 -> 
  custom:video-decoder-ogg-theora: a1e56fd34408186e4bbccfd4996cb3dc -> 
  custom:container-muxer-webm: aa71ff27fc2769a1b78a27578f13a17b -> 
  custom:container-demuxer-webm: 4f35f7cbe854078d1ac9338744f61a02 -> 
  custom:container-demuxer-ogg: 62fdf1f143b41e24485cea50d1cbac27 -> 
  custom:video-encoder-webm-vp8: eb34c28f22e8b96e1ab97ce403110664 -> 
  custom:video-decoder-webm-vp8: 9c59270c3fd7afecdb556c50c9e8de78 -> 
  custom:audio-decoder-ogg-vorbis: bf7c407c2cedff20999df2af8eb42d56 -> 
  custom:audio-encoder-webm-vorbis: bf7c407c2cedff20999df2af8eb42d56 -> 
========================================================================
Received Import Request.
  Time since last request: 92.590029 seconds.
  path: Assets/6-Sprites/Items UI/Key_.png
  artifactKey: Guid(eb0be83d0c5f1124397e0447b1369f9e) Importer(815301076,1909f56bfc062723c751e8b465ee728b)
Start importing Assets/6-Sprites/Items UI/Key_.png using Guid(eb0be83d0c5f1124397e0447b1369f9e) Importer(815301076,1909f56bfc062723c751e8b465ee728b)  -> (artifact id: 'ed98f039917aaa566faa12ffbb7d3fce') in 0.261489 seconds 
  Import took 0.309498 seconds .

========================================================================
Received Import Request.
  Time since last request: 230.400126 seconds.
  path: Assets/6-Sprites/Items UI/libraryPass_Placeholder.png
  artifactKey: Guid(a6b6ca2b4bb2ea94096fbc20842494e2) Importer(815301076,1909f56bfc062723c751e8b465ee728b)
Start importing Assets/6-Sprites/Items UI/libraryPass_Placeholder.png using Guid(a6b6ca2b4bb2ea94096fbc20842494e2) Importer(815301076,1909f56bfc062723c751e8b465ee728b)  -> (artifact id: '9c6acf9b51616073fe2ac131522e9e1a') in 0.016655 seconds 
  Import took 0.058457 seconds .

========================================================================
Received Import Request.
  Time since last request: 5.161708 seconds.
  path: Assets/6-Sprites/Items UI/libraryPass_Placeholder.png
  artifactKey: Guid(a6b6ca2b4bb2ea94096fbc20842494e2) Importer(815301076,1909f56bfc062723c751e8b465ee728b)
Start importing Assets/6-Sprites/Items UI/libraryPass_Placeholder.png using Guid(a6b6ca2b4bb2ea94096fbc20842494e2) Importer(815301076,1909f56bfc062723c751e8b465ee728b)  -> (artifact id: '7135f196a9d03e2618e2f2ab3d104c22') in 0.023032 seconds 
  Import took 0.052486 seconds .

========================================================================
Received Import Request.
  Time since last request: 7.926098 seconds.
  path: Assets/4-Prefabs/Keys/EP02_School/Book Key.prefab
  artifactKey: Guid(29897b1850ff2e1418a5bf1a520f5aba) Importer(815301076,1909f56bfc062723c751e8b465ee728b)
Start importing Assets/4-Prefabs/Keys/EP02_School/Book Key.prefab using Guid(29897b1850ff2e1418a5bf1a520f5aba) Importer(815301076,1909f56bfc062723c751e8b465ee728b)  -> (artifact id: 'b6fc2c5dc3d378bf079317f36ea1c18f') in 0.279336 seconds 
  Import took 0.366328 seconds .

========================================================================
Received Import Request.
  Time since last request: 15.901348 seconds.
  path: Assets/1-Scripts/ScriptableObjeto/Items/EP 2 - School/School_Book.asset
  artifactKey: Guid(c8a51bc619f072b409e2e7dfabe1ee40) Importer(815301076,1909f56bfc062723c751e8b465ee728b)
Start importing Assets/1-Scripts/ScriptableObjeto/Items/EP 2 - School/School_Book.asset using Guid(c8a51bc619f072b409e2e7dfabe1ee40) Importer(815301076,1909f56bfc062723c751e8b465ee728b)  -> (artifact id: 'dde58a1707d089e2bee12f6e71a651d5') in 0.009452 seconds 
  Import took 0.055181 seconds .

========================================================================
Received Import Request.
  Time since last request: 13.577430 seconds.
  path: Assets/1-Scripts/ScriptableObjeto/Items/EP 2 - School/School_LibraryPass.asset
  artifactKey: Guid(ebed7b99330806a4dbd87f61c2d8fad4) Importer(815301076,1909f56bfc062723c751e8b465ee728b)
Start importing Assets/1-Scripts/ScriptableObjeto/Items/EP 2 - School/School_LibraryPass.asset using Guid(ebed7b99330806a4dbd87f61c2d8fad4) Importer(815301076,1909f56bfc062723c751e8b465ee728b)  -> (artifact id: 'c29713f9c9918cd212aacfff1035bd44') in 0.009246 seconds 
  Import took 0.123515 seconds .

========================================================================
Received Import Request.
  Time since last request: 5.783176 seconds.
  path: Assets/1-Scripts/ScriptableObjeto/Items/EP 2 - School/School_Password.asset
  artifactKey: Guid(9a2d193150a462c488a04dc24c273374) Importer(815301076,1909f56bfc062723c751e8b465ee728b)
Start importing Assets/1-Scripts/ScriptableObjeto/Items/EP 2 - School/School_Password.asset using Guid(9a2d193150a462c488a04dc24c273374) Importer(815301076,1909f56bfc062723c751e8b465ee728b)  -> (artifact id: 'f8085316674a4086735272a887c3930b') in 0.008481 seconds 
  Import took 0.037786 seconds .

========================================================================
Received Prepare
Registering precompiled user dll's ...
Registered in 0.004837 seconds.
Begin MonoManager ReloadAssembly
Native extension for WindowsStandalone target not found
Refreshing native plugins compatible for Editor in 1.35 ms, found 2 plugins.
Preloading 0 native plugins for Editor in 0.00 ms.
Loading style catalogs (6)
	StyleSheets/Extensions/base/common.uss
	UIPackageResources/StyleSheets/Default/Variables/Public/common.uss
	StyleSheets/Northstar/common.uss
	StyleSheets/Extensions/fonts/inter.uss
	StyleSheets/Extensions/base/dark.uss
	UIPackageResources/StyleSheets/Default/Northstar/Palette/dark.uss
Mono: successfully reloaded assembly
- Completed reload, in  1.982 seconds
Domain Reload Profiling:
	ReloadAssembly (1982ms)
		BeginReloadAssembly (135ms)
			ExecutionOrderSort (0ms)
			DisableScriptedObjects (6ms)
			BackupInstance (0ms)
			ReleaseScriptingObjects (0ms)
			CreateAndSetChildDomain (42ms)
		EndReloadAssembly (1794ms)
			LoadAssemblies (91ms)
			RebuildTransferFunctionScriptingTraits (0ms)
			SetupTypeCache (498ms)
			ReleaseScriptCaches (2ms)
			RebuildScriptCaches (58ms)
			SetupLoadedEditorAssemblies (864ms)
				LogAssemblyErrors (0ms)
				InitializePlatformSupportModulesInManaged (4ms)
				SetLoadedEditorAssemblies (1ms)
				RefreshPlugins (1ms)
				BeforeProcessingInitializeOnLoad (100ms)
				ProcessInitializeOnLoadAttributes (742ms)
				ProcessInitializeOnLoadMethodAttributes (13ms)
				AfterProcessingInitializeOnLoad (2ms)
				EditorAssembliesLoaded (0ms)
			ExecutionOrderSort2 (0ms)
			AwakeInstancesAfterBackupRestoration (14ms)
Platform modules already initialized, skipping
Shader 'Universal Render Pipeline/Particles/Lit': fallback shader 'Universal Render Pipeline/Particles/SimpleLit' not found
Shader 'MoreMountains/MMRipple': fallback shader 'Particle/AlphaBlended' not found
Refreshing native plugins compatible for Editor in 0.99 ms, found 2 plugins.
Preloading 0 native plugins for Editor in 0.00 ms.
Unloading 4302 Unused Serialized files (Serialized files now loaded: 0)
System memory in use before: 272.0 MB.
System memory in use after: 271.9 MB.

Unloading 17 unused Assets to reduce memory usage. Loaded Objects now: 5001.
Total: 5.597400 ms (FindLiveObjects: 0.516500 ms CreateObjectMapping: 0.400800 ms MarkObjects: 4.193100 ms  DeleteObjects: 0.486100 ms)

AssetImportParameters requested are different than current active one (requested -> active):
  custom:framework-win-MediaFoundation: 216162199b28c13a410421893ffa2e32 -> 
  custom:video-decoder-ogg-theora: a1e56fd34408186e4bbccfd4996cb3dc -> 
  custom:container-muxer-webm: aa71ff27fc2769a1b78a27578f13a17b -> 
  custom:container-demuxer-webm: 4f35f7cbe854078d1ac9338744f61a02 -> 
  custom:container-demuxer-ogg: 62fdf1f143b41e24485cea50d1cbac27 -> 
  custom:video-encoder-webm-vp8: eb34c28f22e8b96e1ab97ce403110664 -> 
  custom:video-decoder-webm-vp8: 9c59270c3fd7afecdb556c50c9e8de78 -> 
  custom:audio-decoder-ogg-vorbis: bf7c407c2cedff20999df2af8eb42d56 -> 
  custom:audio-encoder-webm-vorbis: bf7c407c2cedff20999df2af8eb42d56 -> 
========================================================================
Received Prepare
Registering precompiled user dll's ...
Registered in 0.005090 seconds.
Begin MonoManager ReloadAssembly
Native extension for WindowsStandalone target not found
Refreshing native plugins compatible for Editor in 0.97 ms, found 2 plugins.
Preloading 0 native plugins for Editor in 0.00 ms.
Loading style catalogs (6)
	StyleSheets/Extensions/base/common.uss
	UIPackageResources/StyleSheets/Default/Variables/Public/common.uss
	StyleSheets/Northstar/common.uss
	StyleSheets/Extensions/fonts/inter.uss
	StyleSheets/Extensions/base/dark.uss
	UIPackageResources/StyleSheets/Default/Northstar/Palette/dark.uss
Mono: successfully reloaded assembly
- Completed reload, in  1.324 seconds
Domain Reload Profiling:
	ReloadAssembly (1324ms)
		BeginReloadAssembly (112ms)
			ExecutionOrderSort (0ms)
			DisableScriptedObjects (4ms)
			BackupInstance (0ms)
			ReleaseScriptingObjects (0ms)
			CreateAndSetChildDomain (36ms)
		EndReloadAssembly (1155ms)
			LoadAssemblies (98ms)
			RebuildTransferFunctionScriptingTraits (0ms)
			SetupTypeCache (380ms)
			ReleaseScriptCaches (1ms)
			RebuildScriptCaches (43ms)
			SetupLoadedEditorAssemblies (473ms)
				LogAssemblyErrors (0ms)
				InitializePlatformSupportModulesInManaged (3ms)
				SetLoadedEditorAssemblies (0ms)
				RefreshPlugins (1ms)
				BeforeProcessingInitializeOnLoad (87ms)
				ProcessInitializeOnLoadAttributes (366ms)
				ProcessInitializeOnLoadMethodAttributes (13ms)
				AfterProcessingInitializeOnLoad (2ms)
				EditorAssembliesLoaded (0ms)
			ExecutionOrderSort2 (0ms)
			AwakeInstancesAfterBackupRestoration (15ms)
Platform modules already initialized, skipping
Shader 'Universal Render Pipeline/Particles/Lit': fallback shader 'Universal Render Pipeline/Particles/SimpleLit' not found
Shader 'MoreMountains/MMRipple': fallback shader 'Particle/AlphaBlended' not found
Refreshing native plugins compatible for Editor in 1.02 ms, found 2 plugins.
Preloading 0 native plugins for Editor in 0.00 ms.
Unloading 4302 Unused Serialized files (Serialized files now loaded: 0)
System memory in use before: 272.0 MB.
System memory in use after: 271.9 MB.

Unloading 17 unused Assets to reduce memory usage. Loaded Objects now: 5004.
Total: 4.595200 ms (FindLiveObjects: 0.452400 ms CreateObjectMapping: 0.300600 ms MarkObjects: 3.325400 ms  DeleteObjects: 0.516000 ms)

AssetImportParameters requested are different than current active one (requested -> active):
  custom:framework-win-MediaFoundation: 216162199b28c13a410421893ffa2e32 -> 
  custom:video-decoder-ogg-theora: a1e56fd34408186e4bbccfd4996cb3dc -> 
  custom:container-muxer-webm: aa71ff27fc2769a1b78a27578f13a17b -> 
  custom:container-demuxer-webm: 4f35f7cbe854078d1ac9338744f61a02 -> 
  custom:container-demuxer-ogg: 62fdf1f143b41e24485cea50d1cbac27 -> 
  custom:video-encoder-webm-vp8: eb34c28f22e8b96e1ab97ce403110664 -> 
  custom:video-decoder-webm-vp8: 9c59270c3fd7afecdb556c50c9e8de78 -> 
  custom:audio-decoder-ogg-vorbis: bf7c407c2cedff20999df2af8eb42d56 -> 
  custom:audio-encoder-webm-vorbis: bf7c407c2cedff20999df2af8eb42d56 -> 
AssetImportWorkerClient::OnTransportError - code=2 error=End of file
