Using pre-set license
Built from '2020.3/staging' branch; Version is '2020.3.14f1 (d0d1bb862f9d) revision 13685179'; Using compiler version '192528614'; Build Type 'Release'
OS: 'Windows 10 Pro; OS build 19044.1586; Version 2009; 64bit' Language: 'pt' Physical Memory: 16309 MB
BatchMode: 1, IsHumanControllingUs: 0, StartBugReporterOnCrash: 0, Is64bit: 1, IsPro: 0

 COMMAND LINE ARGUMENTS:
E:\Drive Gamedev\Unity Versions\2020.3.14f1\Editor\Unity.exe
-adb2
-batchMode
-noUpm
-name
AssetImportWorker2
-projectPath
E:/Drive Gamedev/reporter-game
-logFile
Logs/AssetImportWorker2.log
-srvPort
60685
Successfully changed project path to: E:/Drive Gamedev/reporter-game
E:/Drive Gamedev/reporter-game
Using Asset Import Pipeline V2.
Refreshing native plugins compatible for Editor in 111.48 ms, found 2 plugins.
Preloading 0 native plugins for Editor in 0.00 ms.
Initialize engine version: 2020.3.14f1 (d0d1bb862f9d)
[Subsystems] Discovering subsystems at path E:/Drive Gamedev/Unity Versions/2020.3.14f1/Editor/Data/Resources/UnitySubsystems
[Subsystems] Discovering subsystems at path E:/Drive Gamedev/reporter-game/Assets
GfxDevice: creating device client; threaded=0
Direct3D:
    Version:  Direct3D 11.0 [level 11.1]
    Renderer: NVIDIA GeForce RTX 2060 (ID=0x1f08)
    Vendor:   
    VRAM:     5980 MB
    Driver:   30.0.15.1179
Shader 'MoreMountains/MMRipple': fallback shader 'Particle/AlphaBlended' not found
Shader 'Universal Render Pipeline/Particles/Lit': fallback shader 'Universal Render Pipeline/Particles/SimpleLit' not found
Initialize mono
Mono path[0] = 'E:/Drive Gamedev/Unity Versions/2020.3.14f1/Editor/Data/Managed'
Mono path[1] = 'E:/Drive Gamedev/Unity Versions/2020.3.14f1/Editor/Data/MonoBleedingEdge/lib/mono/unityjit'
Mono config path = 'E:/Drive Gamedev/Unity Versions/2020.3.14f1/Editor/Data/MonoBleedingEdge/etc'
Using monoOptions --debugger-agent=transport=dt_socket,embedding=1,server=y,suspend=n,address=127.0.0.1:56864
Begin MonoManager ReloadAssembly
Registering precompiled unity dll's ...
Register platform support module: E:/Drive Gamedev/Unity Versions/2020.3.14f1/Editor/Data/PlaybackEngines/WindowsStandaloneSupport/UnityEditor.WindowsStandalone.Extensions.dll
Registered in 0.001223 seconds.
Native extension for WindowsStandalone target not found
Refreshing native plugins compatible for Editor in 121.70 ms, found 2 plugins.
Preloading 0 native plugins for Editor in 0.00 ms.
Mono: successfully reloaded assembly
- Completed reload, in  1.013 seconds
Domain Reload Profiling:
	ReloadAssembly (1013ms)
		BeginReloadAssembly (50ms)
			ExecutionOrderSort (0ms)
			DisableScriptedObjects (0ms)
			BackupInstance (0ms)
			ReleaseScriptingObjects (0ms)
			CreateAndSetChildDomain (1ms)
		EndReloadAssembly (479ms)
			LoadAssemblies (49ms)
			RebuildTransferFunctionScriptingTraits (0ms)
			SetupTypeCache (145ms)
			ReleaseScriptCaches (0ms)
			RebuildScriptCaches (33ms)
			SetupLoadedEditorAssemblies (243ms)
				LogAssemblyErrors (0ms)
				InitializePlatformSupportModulesInManaged (4ms)
				SetLoadedEditorAssemblies (0ms)
				RefreshPlugins (122ms)
				BeforeProcessingInitializeOnLoad (10ms)
				ProcessInitializeOnLoadAttributes (80ms)
				ProcessInitializeOnLoadMethodAttributes (27ms)
				AfterProcessingInitializeOnLoad (0ms)
				EditorAssembliesLoaded (0ms)
			ExecutionOrderSort2 (0ms)
			AwakeInstancesAfterBackupRestoration (0ms)
Platform modules already initialized, skipping
Registering precompiled user dll's ...
Registered in 0.004976 seconds.
Begin MonoManager ReloadAssembly
Native extension for WindowsStandalone target not found
Refreshing native plugins compatible for Editor in 125.92 ms, found 2 plugins.
Preloading 0 native plugins for Editor in 0.00 ms.
Mono: successfully reloaded assembly
- Completed reload, in  2.051 seconds
Domain Reload Profiling:
	ReloadAssembly (2052ms)
		BeginReloadAssembly (145ms)
			ExecutionOrderSort (0ms)
			DisableScriptedObjects (5ms)
			BackupInstance (0ms)
			ReleaseScriptingObjects (0ms)
			CreateAndSetChildDomain (19ms)
		EndReloadAssembly (1852ms)
			LoadAssemblies (92ms)
			RebuildTransferFunctionScriptingTraits (0ms)
			SetupTypeCache (365ms)
			ReleaseScriptCaches (1ms)
			RebuildScriptCaches (73ms)
			SetupLoadedEditorAssemblies (1198ms)
				LogAssemblyErrors (0ms)
				InitializePlatformSupportModulesInManaged (3ms)
				SetLoadedEditorAssemblies (0ms)
				RefreshPlugins (126ms)
				BeforeProcessingInitializeOnLoad (98ms)
				ProcessInitializeOnLoadAttributes (960ms)
				ProcessInitializeOnLoadMethodAttributes (8ms)
				AfterProcessingInitializeOnLoad (3ms)
				EditorAssembliesLoaded (0ms)
			ExecutionOrderSort2 (0ms)
			AwakeInstancesAfterBackupRestoration (7ms)
Platform modules already initialized, skipping
========================================================================
Worker process is ready to serve import requests
Shader 'Universal Render Pipeline/Particles/Lit': fallback shader 'Universal Render Pipeline/Particles/SimpleLit' not found
Shader 'MoreMountains/MMRipple': fallback shader 'Particle/AlphaBlended' not found
Launched and connected shader compiler UnityShaderCompiler.exe after 0.23 seconds
Refreshing native plugins compatible for Editor in 1.23 ms, found 2 plugins.
Preloading 0 native plugins for Editor in 0.00 ms.
Unloading 4461 Unused Serialized files (Serialized files now loaded: 0)
System memory in use before: 268.8 MB.
System memory in use after: 268.6 MB.

Unloading 24 unused Assets to reduce memory usage. Loaded Objects now: 4896.
Total: 4.236400 ms (FindLiveObjects: 0.481300 ms CreateObjectMapping: 0.620700 ms MarkObjects: 2.786700 ms  DeleteObjects: 0.346500 ms)

AssetImportParameters requested are different than current active one (requested -> active):
  custom:framework-win-MediaFoundation: 216162199b28c13a410421893ffa2e32 -> 
  custom:video-decoder-ogg-theora: a1e56fd34408186e4bbccfd4996cb3dc -> 
  custom:container-muxer-webm: aa71ff27fc2769a1b78a27578f13a17b -> 
  custom:container-demuxer-webm: 4f35f7cbe854078d1ac9338744f61a02 -> 
  custom:container-demuxer-ogg: 62fdf1f143b41e24485cea50d1cbac27 -> 
  custom:video-encoder-webm-vp8: eb34c28f22e8b96e1ab97ce403110664 -> 
  custom:video-decoder-webm-vp8: 9c59270c3fd7afecdb556c50c9e8de78 -> 
  custom:audio-decoder-ogg-vorbis: bf7c407c2cedff20999df2af8eb42d56 -> 
  custom:audio-encoder-webm-vorbis: bf7c407c2cedff20999df2af8eb42d56 -> 
========================================================================
Received Import Request.
  path: Assets/POLYGON city pack/Prefabs/Buildings/Building_Y_prefab.prefab
  artifactKey: Guid(b62a88683020bad4f88cd9c883281901) Importer(815301076,1909f56bfc062723c751e8b465ee728b)
Start importing Assets/POLYGON city pack/Prefabs/Buildings/Building_Y_prefab.prefab using Guid(b62a88683020bad4f88cd9c883281901) Importer(815301076,1909f56bfc062723c751e8b465ee728b)  -> (artifact id: 'f558d3795a80f41e4934b0728653a88f') in 0.315211 seconds 
  Import took 0.408364 seconds .

========================================================================
Received Import Request.
  Time since last request: 0.000276 seconds.
  path: Assets/POLYGON city pack/Prefabs/Buildings/Building_B1_prefab.prefab
  artifactKey: Guid(a60988b24f8ff094ba511054edf48a9d) Importer(815301076,1909f56bfc062723c751e8b465ee728b)
Start importing Assets/POLYGON city pack/Prefabs/Buildings/Building_B1_prefab.prefab using Guid(a60988b24f8ff094ba511054edf48a9d) Importer(815301076,1909f56bfc062723c751e8b465ee728b)  -> (artifact id: '11436e78e6db2c2645df3d7f62f80d33') in 0.110266 seconds 
  Import took 0.138997 seconds .

========================================================================
Received Import Request.
  Time since last request: 0.000280 seconds.
  path: Assets/POLYGON city pack/Prefabs/Buildings/Building_A1_prefab.prefab
  artifactKey: Guid(562df8355904213468a690c4ce6740b6) Importer(815301076,1909f56bfc062723c751e8b465ee728b)
Start importing Assets/POLYGON city pack/Prefabs/Buildings/Building_A1_prefab.prefab using Guid(562df8355904213468a690c4ce6740b6) Importer(815301076,1909f56bfc062723c751e8b465ee728b)  -> (artifact id: 'ea51ebd9bba69840fd6397b8dfb9a032') in 0.027185 seconds 
  Import took 0.461632 seconds .

========================================================================
Received Import Request.
  Time since last request: 0.000288 seconds.
  path: Assets/POLYGON city pack/Prefabs/Buildings/Building_C1_prefab.prefab
  artifactKey: Guid(1fbdccb55fd15bc4f92646bd818aca51) Importer(815301076,1909f56bfc062723c751e8b465ee728b)
Start importing Assets/POLYGON city pack/Prefabs/Buildings/Building_C1_prefab.prefab using Guid(1fbdccb55fd15bc4f92646bd818aca51) Importer(815301076,1909f56bfc062723c751e8b465ee728b)  -> (artifact id: '4ee4e86e2a2d6c889ae90ec82224518b') in 0.023494 seconds 
  Import took 0.072895 seconds .

========================================================================
Received Import Request.
  Time since last request: 0.000271 seconds.
  path: Assets/POLYGON city pack/Prefabs/Buildings/Build_G-right_Prefab.prefab
  artifactKey: Guid(19427fc607e7e5645a1f1fe831d3add4) Importer(815301076,1909f56bfc062723c751e8b465ee728b)
Start importing Assets/POLYGON city pack/Prefabs/Buildings/Build_G-right_Prefab.prefab using Guid(19427fc607e7e5645a1f1fe831d3add4) Importer(815301076,1909f56bfc062723c751e8b465ee728b)  -> (artifact id: '70a73533de157d2f5e35e04b7875873e') in 0.019854 seconds 
  Import took 0.097853 seconds .

========================================================================
Received Import Request.
  Time since last request: 0.000412 seconds.
  path: Assets/UniversalRenderPipelineAsset.asset
  artifactKey: Guid(a1650ecdd90d3994cb55cb0312206528) Importer(815301076,1909f56bfc062723c751e8b465ee728b)
Start importing Assets/UniversalRenderPipelineAsset.asset using Guid(a1650ecdd90d3994cb55cb0312206528) Importer(815301076,1909f56bfc062723c751e8b465ee728b)  -> (artifact id: '9d4015d9ce6bba7caa70ca90c53dcfdb') in 0.010256 seconds 
  Import took 0.293928 seconds .

========================================================================
Received Import Request.
  Time since last request: 0.000287 seconds.
  path: Assets/POLYGON city pack/Prefabs/Buildings/Police_station_prefab.prefab
  artifactKey: Guid(28e73319f340c644db3fdb95596c6596) Importer(815301076,1909f56bfc062723c751e8b465ee728b)
Start importing Assets/POLYGON city pack/Prefabs/Buildings/Police_station_prefab.prefab using Guid(28e73319f340c644db3fdb95596c6596) Importer(815301076,1909f56bfc062723c751e8b465ee728b)  -> (artifact id: 'f881193c06ef1feaede228367fd427c8') in 0.509290 seconds 
  Import took 1.226054 seconds .

========================================================================
Received Import Request.
  Time since last request: 0.000298 seconds.
  path: Assets/POLYGON city pack/Prefabs/Buildings/Build_G-middle_Prefab.prefab
  artifactKey: Guid(ebaffde1b4ae7fb47849063a9a520747) Importer(815301076,1909f56bfc062723c751e8b465ee728b)
Start importing Assets/POLYGON city pack/Prefabs/Buildings/Build_G-middle_Prefab.prefab using Guid(ebaffde1b4ae7fb47849063a9a520747) Importer(815301076,1909f56bfc062723c751e8b465ee728b)  -> (artifact id: '0e4c2b6536465d93ebec7531ac487bad') in 0.052425 seconds 
  Import took 0.176259 seconds .

========================================================================
Received Import Request.
  Time since last request: 0.000289 seconds.
  path: Assets/POLYGON city pack/Prefabs/Buildings/Parking_checkOut_prefab.prefab
  artifactKey: Guid(b8c04fd14b199f34a802353a72a0af44) Importer(815301076,1909f56bfc062723c751e8b465ee728b)
Start importing Assets/POLYGON city pack/Prefabs/Buildings/Parking_checkOut_prefab.prefab using Guid(b8c04fd14b199f34a802353a72a0af44) Importer(815301076,1909f56bfc062723c751e8b465ee728b)  -> (artifact id: '270204e6c59a506dd25ea5647002c84e') in 0.070204 seconds 
  Import took 0.080932 seconds .

========================================================================
Received Import Request.
  Time since last request: 0.000286 seconds.
  path: Assets/POLYGON city pack/Prefabs/Buildings/Motel_prefab.prefab
  artifactKey: Guid(d9ae8f6b23fb5a54584fb5b5ada007dc) Importer(815301076,1909f56bfc062723c751e8b465ee728b)
Start importing Assets/POLYGON city pack/Prefabs/Buildings/Motel_prefab.prefab using Guid(d9ae8f6b23fb5a54584fb5b5ada007dc) Importer(815301076,1909f56bfc062723c751e8b465ee728b)  -> (artifact id: '909afd1d49e0034bc6c48995878bd9f0') in 0.496348 seconds 
  Import took 0.529913 seconds .

========================================================================
Received Import Request.
  Time since last request: 0.801591 seconds.
  path: Assets/POLYGON city pack/Prefabs/Buildings/Gas_station_A_PREFAB.prefab
  artifactKey: Guid(01bbe20c855564648b02e0092e511cac) Importer(815301076,1909f56bfc062723c751e8b465ee728b)
Start importing Assets/POLYGON city pack/Prefabs/Buildings/Gas_station_A_PREFAB.prefab using Guid(01bbe20c855564648b02e0092e511cac) Importer(815301076,1909f56bfc062723c751e8b465ee728b)  -> (artifact id: '2cc7d2b7a5453433618e0d7a08425d39') in 0.063421 seconds 
  Import took 0.126103 seconds .

========================================================================
Received Import Request.
  Time since last request: 2.595696 seconds.
  path: Assets/POLYGON city pack/Prefabs/Buildings/Bulding_C_prefab 1.prefab
  artifactKey: Guid(80f1713dca16e654abd9002f6e9f5627) Importer(815301076,1909f56bfc062723c751e8b465ee728b)
Start importing Assets/POLYGON city pack/Prefabs/Buildings/Bulding_C_prefab 1.prefab using Guid(80f1713dca16e654abd9002f6e9f5627) Importer(815301076,1909f56bfc062723c751e8b465ee728b)  -> (artifact id: '1a70533fad1a6966031e0ebfd1a0e4bc') in 0.357547 seconds 
  Import took 0.405214 seconds .

========================================================================
Received Import Request.
  Time since last request: 9.274927 seconds.
  path: Assets/POLYGON city pack/Prefabs/traffic signs/traffic sign speed 25.prefab
  artifactKey: Guid(f0184bee770e97e4e8ee6b82c967fbbf) Importer(815301076,1909f56bfc062723c751e8b465ee728b)
Start importing Assets/POLYGON city pack/Prefabs/traffic signs/traffic sign speed 25.prefab using Guid(f0184bee770e97e4e8ee6b82c967fbbf) Importer(815301076,1909f56bfc062723c751e8b465ee728b)  -> (artifact id: 'c3e3151b2f3df7125b5e5be857d271b3') in 0.053431 seconds 
  Import took 0.134334 seconds .

========================================================================
Received Import Request.
  Time since last request: 1.157162 seconds.
  path: Assets/POLYGON city pack/Prefabs/traffic signs/traffic sign speed 10.prefab
  artifactKey: Guid(12d230eedd8208e46ae6c4ef3cc76560) Importer(815301076,1909f56bfc062723c751e8b465ee728b)
Start importing Assets/POLYGON city pack/Prefabs/traffic signs/traffic sign speed 10.prefab using Guid(12d230eedd8208e46ae6c4ef3cc76560) Importer(815301076,1909f56bfc062723c751e8b465ee728b)  -> (artifact id: '6194bf6a31971978857eb26badd68d24') in 0.860549 seconds 
  Import took 1.076375 seconds .

========================================================================
Received Import Request.
  Time since last request: 0.021217 seconds.
  path: Assets/POLYGON city pack/Prefabs/traffic signs/traffic sign 4.prefab
  artifactKey: Guid(d5eebd6c558b1a148bbca84479fd92bb) Importer(815301076,1909f56bfc062723c751e8b465ee728b)
Start importing Assets/POLYGON city pack/Prefabs/traffic signs/traffic sign 4.prefab using Guid(d5eebd6c558b1a148bbca84479fd92bb) Importer(815301076,1909f56bfc062723c751e8b465ee728b)  -> (artifact id: '21862fddca38324f791d4196ecf1dea0') in 0.520068 seconds 
  Import took 0.579635 seconds .

========================================================================
Received Import Request.
  Time since last request: 16.309725 seconds.
  path: Assets/PolygonCity/Prefabs/Buildings/SM_Bld_Shop_Cover_04.prefab
  artifactKey: Guid(a5e568db0b228c24589c17f5b015934d) Importer(815301076,1909f56bfc062723c751e8b465ee728b)
Start importing Assets/PolygonCity/Prefabs/Buildings/SM_Bld_Shop_Cover_04.prefab using Guid(a5e568db0b228c24589c17f5b015934d) Importer(815301076,1909f56bfc062723c751e8b465ee728b)  -> (artifact id: '7fcb3a48ccb561b8513ce19440a78399') in 0.558781 seconds 
  Import took 0.733744 seconds .

========================================================================
Received Import Request.
  Time since last request: 1.530822 seconds.
  path: Assets/PolygonCity/Prefabs/Buildings/SM_Bld_Shop_06.prefab
  artifactKey: Guid(1e70e6b05165f864f8c42dab5a2544f9) Importer(815301076,1909f56bfc062723c751e8b465ee728b)
Start importing Assets/PolygonCity/Prefabs/Buildings/SM_Bld_Shop_06.prefab using Guid(1e70e6b05165f864f8c42dab5a2544f9) Importer(815301076,1909f56bfc062723c751e8b465ee728b)  -> (artifact id: '2a3197abfe192c8c3b8af16e256548fa') in 0.027197 seconds 
  Import took 0.615556 seconds .

========================================================================
Received Import Request.
  Time since last request: 0.313611 seconds.
  path: Assets/PolygonCity/Prefabs/Buildings/SM_Bld_OfficeSquare_Base_01.prefab
  artifactKey: Guid(e2b1e7ce58c743c4d8d59a66eec6422b) Importer(815301076,1909f56bfc062723c751e8b465ee728b)
Start importing Assets/PolygonCity/Prefabs/Buildings/SM_Bld_OfficeSquare_Base_01.prefab using Guid(e2b1e7ce58c743c4d8d59a66eec6422b) Importer(815301076,1909f56bfc062723c751e8b465ee728b)  -> (artifact id: '7f82706cd7dbc3a9eec57035d6ded63a') in 0.386518 seconds 
  Import took 0.532012 seconds .

========================================================================
Received Import Request.
  Time since last request: 0.697744 seconds.
  path: Assets/PolygonCity/Prefabs/Buildings/SM_Bld_OfficeSquare_01.prefab
  artifactKey: Guid(f70c8059d9b8d60429d824a17015ed49) Importer(815301076,1909f56bfc062723c751e8b465ee728b)
Start importing Assets/PolygonCity/Prefabs/Buildings/SM_Bld_OfficeSquare_01.prefab using Guid(f70c8059d9b8d60429d824a17015ed49) Importer(815301076,1909f56bfc062723c751e8b465ee728b)  -> (artifact id: 'f7cc523851e00556d38e3d4a7a1ba44e') in 0.034860 seconds 
  Import took 0.241073 seconds .

========================================================================
Received Import Request.
  Time since last request: 2.231531 seconds.
  path: Assets/PolygonCity/Prefabs/Buildings/SM_Bld_OfficeRound_04.prefab
  artifactKey: Guid(57130355dd16ab04386646a2f8aac353) Importer(815301076,1909f56bfc062723c751e8b465ee728b)
Start importing Assets/PolygonCity/Prefabs/Buildings/SM_Bld_OfficeRound_04.prefab using Guid(57130355dd16ab04386646a2f8aac353) Importer(815301076,1909f56bfc062723c751e8b465ee728b)  -> (artifact id: 'a9e418174ea7d318211762b79370935a') in 0.055501 seconds 
  Import took 0.154503 seconds .

========================================================================
Received Import Request.
  Time since last request: 1.774135 seconds.
  path: Assets/PolygonCity/Prefabs/Buildings/SM_Bld_OfficeOld_Small_01.prefab
  artifactKey: Guid(84c719d9545655049b535e2613281b11) Importer(815301076,1909f56bfc062723c751e8b465ee728b)
Start importing Assets/PolygonCity/Prefabs/Buildings/SM_Bld_OfficeOld_Small_01.prefab using Guid(84c719d9545655049b535e2613281b11) Importer(815301076,1909f56bfc062723c751e8b465ee728b)  -> (artifact id: 'c146db215e7bc72b1eb09aa346f4907f') in 0.028042 seconds 
  Import took 0.063781 seconds .

========================================================================
Received Import Request.
  Time since last request: 1.583469 seconds.
  path: Assets/PolygonCity/Prefabs/Buildings/SM_Bld_OfficeOld_Large_02.prefab
  artifactKey: Guid(62cc7a41de7e4c847869440070e2f6df) Importer(815301076,1909f56bfc062723c751e8b465ee728b)
Start importing Assets/PolygonCity/Prefabs/Buildings/SM_Bld_OfficeOld_Large_02.prefab using Guid(62cc7a41de7e4c847869440070e2f6df) Importer(815301076,1909f56bfc062723c751e8b465ee728b)  -> (artifact id: 'ce38b92dada7d11cbd1dc5173bdc9f09') in 0.028064 seconds 
  Import took 0.071705 seconds .

========================================================================
Received Import Request.
  Time since last request: 3.920478 seconds.
  path: Assets/PolygonCity/Prefabs/Buildings/SM_Bld_OfficeOctagon_Roof_01.prefab
  artifactKey: Guid(177d8df2567c2ee43897cd6b253d28d6) Importer(815301076,1909f56bfc062723c751e8b465ee728b)
Start importing Assets/PolygonCity/Prefabs/Buildings/SM_Bld_OfficeOctagon_Roof_01.prefab using Guid(177d8df2567c2ee43897cd6b253d28d6) Importer(815301076,1909f56bfc062723c751e8b465ee728b)  -> (artifact id: '6e3cf62469828262bcdacac08647de08') in 0.023078 seconds 
  Import took 0.233131 seconds .

========================================================================
Received Import Request.
  Time since last request: 0.033714 seconds.
  path: Assets/PolygonCity/Prefabs/Buildings/SM_Bld_OfficeOctagon_Roof_01.prefab
  artifactKey: Guid(177d8df2567c2ee43897cd6b253d28d6) Importer(815301076,1909f56bfc062723c751e8b465ee728b)
Start importing Assets/PolygonCity/Prefabs/Buildings/SM_Bld_OfficeOctagon_Roof_01.prefab using Guid(177d8df2567c2ee43897cd6b253d28d6) Importer(815301076,1909f56bfc062723c751e8b465ee728b)  -> (artifact id: '6e3cf62469828262bcdacac08647de08') in 0.026533 seconds 
  Import took 0.033942 seconds .

========================================================================
Received Import Request.
  Time since last request: 1.641647 seconds.
  path: Assets/PolygonCity/Prefabs/Buildings/SM_Bld_OfficeOctagon_Floor_01.prefab
  artifactKey: Guid(5a2b75022dd651041bbc17957152287a) Importer(815301076,1909f56bfc062723c751e8b465ee728b)
Start importing Assets/PolygonCity/Prefabs/Buildings/SM_Bld_OfficeOctagon_Floor_01.prefab using Guid(5a2b75022dd651041bbc17957152287a) Importer(815301076,1909f56bfc062723c751e8b465ee728b)  -> (artifact id: 'e4e36f0e716fa0980063accee45fa6ea') in 0.025833 seconds 
  Import took 0.046245 seconds .

========================================================================
Received Import Request.
  Time since last request: 0.001440 seconds.
  path: Assets/PolygonCity/Prefabs/Buildings/SM_Bld_OfficeOctagon_Floor_01.prefab
  artifactKey: Guid(5a2b75022dd651041bbc17957152287a) Importer(815301076,1909f56bfc062723c751e8b465ee728b)
Start importing Assets/PolygonCity/Prefabs/Buildings/SM_Bld_OfficeOctagon_Floor_01.prefab using Guid(5a2b75022dd651041bbc17957152287a) Importer(815301076,1909f56bfc062723c751e8b465ee728b)  -> (artifact id: 'e4e36f0e716fa0980063accee45fa6ea') in 0.021514 seconds 
  Import took 0.029699 seconds .

========================================================================
Received Import Request.
  Time since last request: 9.651207 seconds.
  path: Assets/PolygonCity/Prefabs/Buildings/SM_Bld_FireEscape_01.prefab
  artifactKey: Guid(a0fc9668797c0ba40bfd0a39fc67f2ed) Importer(815301076,1909f56bfc062723c751e8b465ee728b)
Start importing Assets/PolygonCity/Prefabs/Buildings/SM_Bld_FireEscape_01.prefab using Guid(a0fc9668797c0ba40bfd0a39fc67f2ed) Importer(815301076,1909f56bfc062723c751e8b465ee728b)  -> (artifact id: '9731c3f65adec0f7ae428f3d9900d427') in 0.025132 seconds 
  Import took 0.103357 seconds .

========================================================================
Received Import Request.
  Time since last request: 0.655513 seconds.
  path: Assets/PolygonCity/Prefabs/Buildings/SM_Bld_Cover_02.prefab
  artifactKey: Guid(dae920b906a2e674c910a0f58756c14e) Importer(815301076,1909f56bfc062723c751e8b465ee728b)
Start importing Assets/PolygonCity/Prefabs/Buildings/SM_Bld_Cover_02.prefab using Guid(dae920b906a2e674c910a0f58756c14e) Importer(815301076,1909f56bfc062723c751e8b465ee728b)  -> (artifact id: '4aab6a1e8f2d3e1d06032dd64349163a') in 0.023179 seconds 
  Import took 0.143212 seconds .

========================================================================
Received Import Request.
  Time since last request: 0.991478 seconds.
  path: Assets/PolygonCity/Prefabs/Buildings/SM_Bld_CityHall_01.prefab
  artifactKey: Guid(7867ba7f5410daf41b58b5427b1d9554) Importer(815301076,1909f56bfc062723c751e8b465ee728b)
Start importing Assets/PolygonCity/Prefabs/Buildings/SM_Bld_CityHall_01.prefab using Guid(7867ba7f5410daf41b58b5427b1d9554) Importer(815301076,1909f56bfc062723c751e8b465ee728b)  -> (artifact id: '1cd54cec762363019a4518653d87c4cd') in 0.010522 seconds 
  Import took 0.313144 seconds .

========================================================================
Received Import Request.
  Time since last request: 2.547342 seconds.
  path: Assets/PolygonCity/Prefabs/Buildings/SM_Bld_Apartment_Stairs_01.prefab
  artifactKey: Guid(afe0ad4fc8b424945846ae10043c796b) Importer(815301076,1909f56bfc062723c751e8b465ee728b)
Start importing Assets/PolygonCity/Prefabs/Buildings/SM_Bld_Apartment_Stairs_01.prefab using Guid(afe0ad4fc8b424945846ae10043c796b) Importer(815301076,1909f56bfc062723c751e8b465ee728b)  -> (artifact id: '9fc4720cbde2e6dabd3e4b8da34c2667') in 0.026000 seconds 
  Import took 0.062809 seconds .

========================================================================
Received Import Request.
  Time since last request: 0.008377 seconds.
  path: Assets/PolygonCity/Prefabs/Buildings/SM_Bld_Apartment_Stairs_01.prefab
  artifactKey: Guid(afe0ad4fc8b424945846ae10043c796b) Importer(815301076,1909f56bfc062723c751e8b465ee728b)
Start importing Assets/PolygonCity/Prefabs/Buildings/SM_Bld_Apartment_Stairs_01.prefab using Guid(afe0ad4fc8b424945846ae10043c796b) Importer(815301076,1909f56bfc062723c751e8b465ee728b)  -> (artifact id: '9fc4720cbde2e6dabd3e4b8da34c2667') in 0.024547 seconds 
  Import took 0.032505 seconds .

========================================================================
Received Import Request.
  Time since last request: 0.920439 seconds.
  path: Assets/PolygonCity/Prefabs/Buildings/SM_Bld_Apartment_Stack_03.prefab
  artifactKey: Guid(a2d22ce70dfdb254e9cf1a761853209a) Importer(815301076,1909f56bfc062723c751e8b465ee728b)
Start importing Assets/PolygonCity/Prefabs/Buildings/SM_Bld_Apartment_Stack_03.prefab using Guid(a2d22ce70dfdb254e9cf1a761853209a) Importer(815301076,1909f56bfc062723c751e8b465ee728b)  -> (artifact id: '617efadb7cfd45a120b8e6740032d2d6') in 0.024351 seconds 
  Import took 0.341605 seconds .

========================================================================
Received Import Request.
  Time since last request: 0.783529 seconds.
  path: Assets/PolygonCity/Prefabs/Buildings/SM_Bld_Apartment_Stack_01.prefab
  artifactKey: Guid(c498c5a0f7820b142b3b929366f2cf35) Importer(815301076,1909f56bfc062723c751e8b465ee728b)
Start importing Assets/PolygonCity/Prefabs/Buildings/SM_Bld_Apartment_Stack_01.prefab using Guid(c498c5a0f7820b142b3b929366f2cf35) Importer(815301076,1909f56bfc062723c751e8b465ee728b)  -> (artifact id: 'f61ec768d099e924387150137234de0b') in 0.025968 seconds 
  Import took 0.248024 seconds .

========================================================================
Received Import Request.
  Time since last request: 0.616655 seconds.
  path: Assets/PolygonCity/Prefabs/Buildings/SM_Bld_Apartment_Roof_Corner_03.prefab
  artifactKey: Guid(0c535ed1fa2fdad4593c4e6c8997762c) Importer(815301076,1909f56bfc062723c751e8b465ee728b)
Start importing Assets/PolygonCity/Prefabs/Buildings/SM_Bld_Apartment_Roof_Corner_03.prefab using Guid(0c535ed1fa2fdad4593c4e6c8997762c) Importer(815301076,1909f56bfc062723c751e8b465ee728b)  -> (artifact id: 'fe4e59bcfc20ff2f1b1be352210a003b') in 0.024815 seconds 
  Import took 0.086018 seconds .

========================================================================
Received Import Request.
  Time since last request: 1.681652 seconds.
  path: Assets/PolygonCity/Prefabs/Buildings/SM_Bld_Apartment_Roof_Corner_01.prefab
  artifactKey: Guid(4617dc66e78dfbc42bd97ab7b9d077cb) Importer(815301076,1909f56bfc062723c751e8b465ee728b)
Start importing Assets/PolygonCity/Prefabs/Buildings/SM_Bld_Apartment_Roof_Corner_01.prefab using Guid(4617dc66e78dfbc42bd97ab7b9d077cb) Importer(815301076,1909f56bfc062723c751e8b465ee728b)  -> (artifact id: 'ec2f9edbd298138c57a1457241ddcd04') in 0.028042 seconds 
  Import took 0.067705 seconds .

========================================================================
Received Import Request.
  Time since last request: 0.807294 seconds.
  path: Assets/PolygonCity/Prefabs/Buildings/SM_Bld_Apartment_Door_Corner_01.prefab
  artifactKey: Guid(105b953fd34734b40bb42cee7100a6dd) Importer(815301076,1909f56bfc062723c751e8b465ee728b)
Start importing Assets/PolygonCity/Prefabs/Buildings/SM_Bld_Apartment_Door_Corner_01.prefab using Guid(105b953fd34734b40bb42cee7100a6dd) Importer(815301076,1909f56bfc062723c751e8b465ee728b)  -> (artifact id: '9b716988bb8a5eba8ab5d891f138ab07') in 0.029772 seconds 
  Import took 0.109058 seconds .

========================================================================
Received Import Request.
  Time since last request: 0.838062 seconds.
  path: Assets/PolygonCity/Prefabs/Buildings/SM_Bld_Apartment_03.prefab
  artifactKey: Guid(87e255ee7b2544c45a73880dc218dceb) Importer(815301076,1909f56bfc062723c751e8b465ee728b)
Start importing Assets/PolygonCity/Prefabs/Buildings/SM_Bld_Apartment_03.prefab using Guid(87e255ee7b2544c45a73880dc218dceb) Importer(815301076,1909f56bfc062723c751e8b465ee728b)  -> (artifact id: '4b485d0802636c3b881183a12ed0653d') in 0.024225 seconds 
  Import took 0.050829 seconds .

========================================================================
Received Import Request.
  Time since last request: 0.004843 seconds.
  path: Assets/PolygonCity/Prefabs/Buildings/SM_Bld_Apartment_03.prefab
  artifactKey: Guid(87e255ee7b2544c45a73880dc218dceb) Importer(815301076,1909f56bfc062723c751e8b465ee728b)
Start importing Assets/PolygonCity/Prefabs/Buildings/SM_Bld_Apartment_03.prefab using Guid(87e255ee7b2544c45a73880dc218dceb) Importer(815301076,1909f56bfc062723c751e8b465ee728b)  -> (artifact id: '4b485d0802636c3b881183a12ed0653d') in 0.025745 seconds 
  Import took 0.033154 seconds .

========================================================================
Received Import Request.
  Time since last request: 1.538860 seconds.
  path: Assets/PolygonCity/Prefabs/Buildings/SM_Bld_Apartment_02.prefab
  artifactKey: Guid(045266ddc5d5afd4bbceaaeda75189da) Importer(815301076,1909f56bfc062723c751e8b465ee728b)
Start importing Assets/PolygonCity/Prefabs/Buildings/SM_Bld_Apartment_02.prefab using Guid(045266ddc5d5afd4bbceaaeda75189da) Importer(815301076,1909f56bfc062723c751e8b465ee728b)  -> (artifact id: 'dc0ca985c60d292f1b41da2a255190ef') in 0.023903 seconds 
  Import took 0.232730 seconds .

========================================================================
Received Import Request.
  Time since last request: 0.009718 seconds.
  path: Assets/PolygonCity/Prefabs/Buildings/SM_Bld_Apartment_02.prefab
  artifactKey: Guid(045266ddc5d5afd4bbceaaeda75189da) Importer(815301076,1909f56bfc062723c751e8b465ee728b)
Start importing Assets/PolygonCity/Prefabs/Buildings/SM_Bld_Apartment_02.prefab using Guid(045266ddc5d5afd4bbceaaeda75189da) Importer(815301076,1909f56bfc062723c751e8b465ee728b)  -> (artifact id: 'dc0ca985c60d292f1b41da2a255190ef') in 0.026305 seconds 
  Import took 0.035028 seconds .

========================================================================
Received Import Request.
  Time since last request: 1.158486 seconds.
  path: Assets/PolygonCity/Prefabs/Buildings/SM_Bld_OfficeRound_Base_01.prefab
  artifactKey: Guid(d8907e78c2c985144ab39a324c8597ea) Importer(815301076,1909f56bfc062723c751e8b465ee728b)
Start importing Assets/PolygonCity/Prefabs/Buildings/SM_Bld_OfficeRound_Base_01.prefab using Guid(d8907e78c2c985144ab39a324c8597ea) Importer(815301076,1909f56bfc062723c751e8b465ee728b)  -> (artifact id: 'aa65511d41370d7b48ddb5b09fd78683') in 0.027270 seconds 
  Import took 0.063144 seconds .

========================================================================
Received Import Request.
  Time since last request: 2.419238 seconds.
  path: Assets/PolygonCity/Prefabs/Buildings/SM_Bld_Station_03.prefab
  artifactKey: Guid(8a86432aa20034e49aa63a2c97cee0f2) Importer(815301076,1909f56bfc062723c751e8b465ee728b)
Start importing Assets/PolygonCity/Prefabs/Buildings/SM_Bld_Station_03.prefab using Guid(8a86432aa20034e49aa63a2c97cee0f2) Importer(815301076,1909f56bfc062723c751e8b465ee728b)  -> (artifact id: 'f946eca54e703839b2f284f4bd7ae7c1') in 0.028888 seconds 
  Import took 0.091710 seconds .

========================================================================
Received Import Request.
  Time since last request: 1.803470 seconds.
  path: Assets/PolygonCity/Prefabs/Buildings/SM_Bld_Station_02.prefab
  artifactKey: Guid(1a6cea8227331c841ba3a0f95dfbe662) Importer(815301076,1909f56bfc062723c751e8b465ee728b)
Start importing Assets/PolygonCity/Prefabs/Buildings/SM_Bld_Station_02.prefab using Guid(1a6cea8227331c841ba3a0f95dfbe662) Importer(815301076,1909f56bfc062723c751e8b465ee728b)  -> (artifact id: '3b303f50cb9a2f0fd7a83c37d4001a4a') in 0.030543 seconds 
  Import took 0.064093 seconds .

========================================================================
Received Import Request.
  Time since last request: 3.836852 seconds.
  path: Assets/PolygonCity/Prefabs/Environments/SM_Env_Cloud_01.prefab
  artifactKey: Guid(142ea8d35ff76aa42bf5c81b59a31de3) Importer(815301076,1909f56bfc062723c751e8b465ee728b)
Start importing Assets/PolygonCity/Prefabs/Environments/SM_Env_Cloud_01.prefab using Guid(142ea8d35ff76aa42bf5c81b59a31de3) Importer(815301076,1909f56bfc062723c751e8b465ee728b)  -> (artifact id: '4d352daa17dff743cd33d3da3fbab74c') in 0.301485 seconds 
  Import took 0.482190 seconds .

========================================================================
Received Import Request.
  Time since last request: 1.141276 seconds.
  path: Assets/PolygonCity/Prefabs/Environments/SM_Env_Bridge_Support_01.prefab
  artifactKey: Guid(f2ca19289c480c447ba0542e93b13da1) Importer(815301076,1909f56bfc062723c751e8b465ee728b)
Start importing Assets/PolygonCity/Prefabs/Environments/SM_Env_Bridge_Support_01.prefab using Guid(f2ca19289c480c447ba0542e93b13da1) Importer(815301076,1909f56bfc062723c751e8b465ee728b)  -> (artifact id: '101c5be30021964506acd979ea74c1f7') in 0.032622 seconds 
  Import took 0.155034 seconds .

========================================================================
Received Import Request.
  Time since last request: 1.661423 seconds.
  path: Assets/PolygonCity/Prefabs/Environments/SM_Env_Road_Bare_01.prefab
  artifactKey: Guid(dab5db0c0226560499e1021898aafb64) Importer(815301076,1909f56bfc062723c751e8b465ee728b)
Start importing Assets/PolygonCity/Prefabs/Environments/SM_Env_Road_Bare_01.prefab using Guid(dab5db0c0226560499e1021898aafb64) Importer(815301076,1909f56bfc062723c751e8b465ee728b)  -> (artifact id: 'a12351a31257f6383c006ef63c16e594') in 0.419644 seconds 
  Import took 0.498501 seconds .

========================================================================
Received Import Request.
  Time since last request: 0.889529 seconds.
  path: Assets/PolygonCity/Prefabs/Environments/SM_Env_Sidewalk_Dip_Corner_01.prefab
  artifactKey: Guid(d61bd59519ec86446a34df8af9f85be5) Importer(815301076,1909f56bfc062723c751e8b465ee728b)
Start importing Assets/PolygonCity/Prefabs/Environments/SM_Env_Sidewalk_Dip_Corner_01.prefab using Guid(d61bd59519ec86446a34df8af9f85be5) Importer(815301076,1909f56bfc062723c751e8b465ee728b)  -> (artifact id: '36b3ce2774d1545f761c106d333db30e') in 0.029391 seconds 
  Import took 0.085304 seconds .

========================================================================
Received Import Request.
  Time since last request: 1.033989 seconds.
  path: Assets/PolygonCity/Prefabs/Environments/SM_Env_WaterEdge_Corner_02.prefab
  artifactKey: Guid(12164e8f6f9ab2f4589ed7dd89491853) Importer(815301076,1909f56bfc062723c751e8b465ee728b)
Start importing Assets/PolygonCity/Prefabs/Environments/SM_Env_WaterEdge_Corner_02.prefab using Guid(12164e8f6f9ab2f4589ed7dd89491853) Importer(815301076,1909f56bfc062723c751e8b465ee728b)  -> (artifact id: 'b65d354fe48caa4c345986688905bcf1') in 0.977023 seconds 
  Import took 1.033400 seconds .

========================================================================
Received Import Request.
  Time since last request: 1.828633 seconds.
  path: Assets/PolygonCity/Prefabs/Environments/SM_Env_WaterEdge_Rock_01.prefab
  artifactKey: Guid(b408ff046e97d28428f851dbcce2f2d5) Importer(815301076,1909f56bfc062723c751e8b465ee728b)
Start importing Assets/PolygonCity/Prefabs/Environments/SM_Env_WaterEdge_Rock_01.prefab using Guid(b408ff046e97d28428f851dbcce2f2d5) Importer(815301076,1909f56bfc062723c751e8b465ee728b)  -> (artifact id: '6d71bdfc1f81a4e630db0e15025a71d0') in 0.024317 seconds 
  Import took 0.085244 seconds .

========================================================================
Received Import Request.
  Time since last request: 1.617875 seconds.
  path: Assets/PolygonCity/Prefabs/Environments/SM_Env_Street_Divider_01.prefab
  artifactKey: Guid(1a66f016bbb06824eb345102a2831977) Importer(815301076,1909f56bfc062723c751e8b465ee728b)
Start importing Assets/PolygonCity/Prefabs/Environments/SM_Env_Street_Divider_01.prefab using Guid(1a66f016bbb06824eb345102a2831977) Importer(815301076,1909f56bfc062723c751e8b465ee728b)  -> (artifact id: '839c0db72cb50eb363a3846fb8ef4408') in 0.028112 seconds 
  Import took 0.136558 seconds .

AssetImportWorkerClient::OnTransportError - code=2 error=End of file
